<?xml version="1.0" encoding="UTF-8"?>
<testsuite name="corporate.hard.robots.WalletAPI.Model.WalletTest" tests="6" skipped="0" failures="0" errors="0" timestamp="2023-04-16T23:16:50" hostname="Rafaels-MacBook-Pro.local" time="0.009">
  <properties/>
  <testcase name="testName()" classname="corporate.hard.robots.WalletAPI.Model.WalletTest" time="0.0"/>
  <testcase name="Test Wallet toString()" classname="corporate.hard.robots.WalletAPI.Model.WalletTest" time="0.003"/>
  <testcase name="testId()" classname="corporate.hard.robots.WalletAPI.Model.WalletTest" time="0.001"/>
  <testcase name="Test Wallet constructor()" classname="corporate.hard.robots.WalletAPI.Model.WalletTest" time="0.0"/>
  <testcase name="Test Wallet hashCode()" classname="corporate.hard.robots.WalletAPI.Model.WalletTest" time="0.001"/>
  <testcase name="Test Wallet equals()" classname="corporate.hard.robots.WalletAPI.Model.WalletTest" time="0.0"/>
  <system-out><![CDATA[]]></system-out>
  <system-err><![CDATA[]]></system-err>
</testsuite>
