<?xml version="1.0" encoding="UTF-8"?>
<testsuite name="corporate.hard.robots.WalletAPI.WalletApiApplicationTests" tests="1" skipped="0" failures="0" errors="0" timestamp="2023-04-16T23:16:49" hostname="Rafaels-MacBook-Pro.local" time="0.792">
  <properties/>
  <testcase name="contextLoads()" classname="corporate.hard.robots.WalletAPI.WalletApiApplicationTests" time="0.792"/>
  <system-out><![CDATA[20:16:38.360 [Test worker] DEBUG org.springframework.test.context.BootstrapUtils - Instantiating CacheAwareContextLoaderDelegate from class [org.springframework.test.context.cache.DefaultCacheAwareContextLoaderDelegate]
20:16:38.423 [Test worker] DEBUG org.springframework.test.context.BootstrapUtils - Instantiating BootstrapContext using constructor [public org.springframework.test.context.support.DefaultBootstrapContext(java.lang.Class,org.springframework.test.context.CacheAwareContextLoaderDelegate)]
20:16:38.605 [Test worker] DEBUG org.springframework.test.context.BootstrapUtils - Instantiating TestContextBootstrapper for test class [corporate.hard.robots.WalletAPI.WalletApiApplicationTests] from class [org.springframework.boot.test.context.SpringBootTestContextBootstrapper]
20:16:38.678 [Test worker] INFO org.springframework.boot.test.context.SpringBootTestContextBootstrapper - Neither @ContextConfiguration nor @ContextHierarchy found for test class [corporate.hard.robots.WalletAPI.WalletApiApplicationTests], using SpringBootContextLoader
20:16:38.705 [Test worker] DEBUG org.springframework.test.context.support.AbstractContextLoader - Did not detect default resource location for test class [corporate.hard.robots.WalletAPI.WalletApiApplicationTests]: class path resource [corporate/hard/robots/WalletAPI/WalletApiApplicationTests-context.xml] does not exist
20:16:38.706 [Test worker] DEBUG org.springframework.test.context.support.AbstractContextLoader - Did not detect default resource location for test class [corporate.hard.robots.WalletAPI.WalletApiApplicationTests]: class path resource [corporate/hard/robots/WalletAPI/WalletApiApplicationTestsContext.groovy] does not exist
20:16:38.707 [Test worker] INFO org.springframework.test.context.support.AbstractContextLoader - Could not detect default resource locations for test class [corporate.hard.robots.WalletAPI.WalletApiApplicationTests]: no resource found for suffixes {-context.xml, Context.groovy}.
20:16:38.709 [Test worker] INFO org.springframework.test.context.support.AnnotationConfigContextLoaderUtils - Could not detect default configuration classes for test class [corporate.hard.robots.WalletAPI.WalletApiApplicationTests]: WalletApiApplicationTests does not declare any static, non-private, non-final, nested classes annotated with @Configuration.
20:16:38.887 [Test worker] DEBUG org.springframework.test.context.support.ActiveProfilesUtils - Could not find an 'annotation declaring class' for annotation type [org.springframework.test.context.ActiveProfiles] and class [corporate.hard.robots.WalletAPI.WalletApiApplicationTests]
20:16:39.115 [Test worker] DEBUG org.springframework.context.annotation.ClassPathScanningCandidateComponentProvider - Identified candidate component class: file [/Users/rafaelpinto/Developer/HardRobots/WalletAPI/build/classes/kotlin/main/corporate/hard/robots/WalletAPI/WalletApiApplication.class]
20:16:39.118 [Test worker] INFO org.springframework.boot.test.context.SpringBootTestContextBootstrapper - Found @SpringBootConfiguration corporate.hard.robots.WalletAPI.WalletApiApplication for test class corporate.hard.robots.WalletAPI.WalletApiApplicationTests
20:16:39.449 [Test worker] DEBUG org.springframework.boot.test.context.SpringBootTestContextBootstrapper - @TestExecutionListeners is not present for class [corporate.hard.robots.WalletAPI.WalletApiApplicationTests]: using defaults.
20:16:39.449 [Test worker] INFO org.springframework.boot.test.context.SpringBootTestContextBootstrapper - Loaded default TestExecutionListener class names from location [META-INF/spring.factories]: [org.springframework.boot.test.autoconfigure.restdocs.RestDocsTestExecutionListener, org.springframework.boot.test.autoconfigure.web.client.MockRestServiceServerResetTestExecutionListener, org.springframework.boot.test.autoconfigure.web.servlet.MockMvcPrintOnlyOnFailureTestExecutionListener, org.springframework.boot.test.autoconfigure.web.servlet.WebDriverTestExecutionListener, org.springframework.boot.test.autoconfigure.webservices.client.MockWebServiceServerTestExecutionListener, org.springframework.boot.test.mock.mockito.MockitoTestExecutionListener, org.springframework.boot.test.mock.mockito.ResetMocksTestExecutionListener, org.springframework.test.context.web.ServletTestExecutionListener, org.springframework.test.context.support.DirtiesContextBeforeModesTestExecutionListener, org.springframework.test.context.event.ApplicationEventsTestExecutionListener, org.springframework.test.context.support.DependencyInjectionTestExecutionListener, org.springframework.test.context.support.DirtiesContextTestExecutionListener, org.springframework.test.context.transaction.TransactionalTestExecutionListener, org.springframework.test.context.jdbc.SqlScriptsTestExecutionListener, org.springframework.test.context.event.EventPublishingTestExecutionListener]
20:16:39.516 [Test worker] INFO org.springframework.boot.test.context.SpringBootTestContextBootstrapper - Using TestExecutionListeners: [org.springframework.test.context.web.ServletTestExecutionListener@6b5894c8, org.springframework.test.context.support.DirtiesContextBeforeModesTestExecutionListener@1433046b, org.springframework.test.context.event.ApplicationEventsTestExecutionListener@3f446bef, org.springframework.boot.test.mock.mockito.MockitoTestExecutionListener@7829b776, org.springframework.boot.test.autoconfigure.SpringBootDependencyInjectionTestExecutionListener@5778826f, org.springframework.test.context.support.DirtiesContextTestExecutionListener@5b64c4b7, org.springframework.test.context.transaction.TransactionalTestExecutionListener@4763c727, org.springframework.test.context.jdbc.SqlScriptsTestExecutionListener@72445aba, org.springframework.test.context.event.EventPublishingTestExecutionListener@61bcd567, org.springframework.boot.test.autoconfigure.restdocs.RestDocsTestExecutionListener@1c80e49b, org.springframework.boot.test.autoconfigure.web.client.MockRestServiceServerResetTestExecutionListener@458342d3, org.springframework.boot.test.autoconfigure.web.servlet.MockMvcPrintOnlyOnFailureTestExecutionListener@15c25153, org.springframework.boot.test.autoconfigure.web.servlet.WebDriverTestExecutionListener@1252b961, org.springframework.boot.test.autoconfigure.webservices.client.MockWebServiceServerTestExecutionListener@9ed238c, org.springframework.boot.test.mock.mockito.ResetMocksTestExecutionListener@56276db8]
20:16:39.534 [Test worker] DEBUG org.springframework.test.context.support.AbstractDirtiesContextTestExecutionListener - Before test class: context [DefaultTestContext@42a9e5d1 testClass = WalletApiApplicationTests, testInstance = [null], testMethod = [null], testException = [null], mergedContextConfiguration = [WebMergedContextConfiguration@5b080f3a testClass = WalletApiApplicationTests, locations = '{}', classes = '{class corporate.hard.robots.WalletAPI.WalletApiApplication}', contextInitializerClasses = '[]', activeProfiles = '{}', propertySourceLocations = '{}', propertySourceProperties = '{org.springframework.boot.test.context.SpringBootTestContextBootstrapper=true}', contextCustomizers = set[org.springframework.boot.test.autoconfigure.actuate.metrics.MetricsExportContextCustomizerFactory$DisableMetricExportContextCustomizer@5ba88be8, org.springframework.boot.test.autoconfigure.properties.PropertyMappingContextCustomizer@0, org.springframework.boot.test.autoconfigure.web.servlet.WebDriverContextCustomizerFactory$Customizer@e57b96d, org.springframework.boot.test.context.filter.ExcludeFilterContextCustomizer@c94fd30, org.springframework.boot.test.json.DuplicateJsonObjectContextCustomizerFactory$DuplicateJsonObjectContextCustomizer@76a2ddf3, org.springframework.boot.test.mock.mockito.MockitoContextCustomizer@0, org.springframework.boot.test.web.client.TestRestTemplateContextCustomizer@7a1234bf, org.springframework.boot.test.context.SpringBootTestArgs@1, org.springframework.boot.test.context.SpringBootTestWebEnvironment@610f7aa], resourceBasePath = 'src/main/webapp', contextLoader = 'org.springframework.boot.test.context.SpringBootContextLoader', parent = [null]], attributes = map['org.springframework.test.context.web.ServletTestExecutionListener.activateListener' -> true]], class annotated with @DirtiesContext [false] with mode [null].

  .   ____          _            __ _ _
 /\\ / ___'_ __ _ _(_)_ __  __ _ \ \ \ \
( ( )\___ | '_ | '_| | '_ \/ _` | \ \ \ \
 \\/  ___)| |_)| | | | | || (_| |  ) ) ) )
  '  |____| .__|_| |_|_| |_\__, | / / / /
 =========|_|==============|___/=/_/_/_/
 :: Spring Boot ::                (v2.7.8)

2023-04-16 20:16:40.879  INFO 1723 --- [    Test worker] c.h.r.W.WalletApiApplicationTests        : Starting WalletApiApplicationTests using Java 19.0.2 on Rafaels-MacBook-Pro.local with PID 1723 (started by rafaelpinto in /Users/rafaelpinto/Developer/HardRobots/WalletAPI)
2023-04-16 20:16:40.883  INFO 1723 --- [    Test worker] c.h.r.W.WalletApiApplicationTests        : No active profile set, falling back to 1 default profile: "default"
2023-04-16 20:16:43.160  INFO 1723 --- [    Test worker] .s.d.r.c.RepositoryConfigurationDelegate : Bootstrapping Spring Data JDBC repositories in DEFAULT mode.
2023-04-16 20:16:43.275  INFO 1723 --- [    Test worker] .s.d.r.c.RepositoryConfigurationDelegate : Finished Spring Data repository scanning in 99 ms. Found 2 JDBC repository interfaces.
2023-04-16 20:16:44.324  INFO 1723 --- [    Test worker] com.zaxxer.hikari.HikariDataSource       : HikariPool-1 - Starting...
2023-04-16 20:16:44.921  INFO 1723 --- [    Test worker] com.zaxxer.hikari.HikariDataSource       : HikariPool-1 - Start completed.
2023-04-16 20:16:49.657  INFO 1723 --- [    Test worker] c.h.r.W.WalletApiApplicationTests        : Started WalletApiApplicationTests in 9.983 seconds (JVM running for 15.831)
]]></system-out>
  <system-err><![CDATA[]]></system-err>
</testsuite>
